<?xml version="1.0" encoding="UTF-8"?>
<!-- Generated by org.testng.reporters.JUnitReportReporter -->
<testsuite skipped="0" hostname="10503-L-79440" name="org.comunity.Ppedit" tests="93" failures="0" timestamp="06 Jul 2021 13:18:04 GMT" time="173.771" errors="1">
  <testcase name="user_have_to_enter_into_comunity_matrimony_page" time="2.352" classname="org.comunity.Ppedit"/>
  <testcase name="user_have_to_enter_the_login_url" time="3.859" classname="org.comunity.Ppedit"/>
  <testcase name="user_have_to_enter_valid_username_and_password" time="0.219" classname="org.comunity.Ppedit"/>
  <testcase name="user_have_to_click_the_submit_button" time="9.684" classname="org.comunity.Ppedit"/>
  <testcase name="user_have_to_enter_skip" time="7.867" classname="org.comunity.Ppedit"/>
  <testcase name="user_have_to_click_profile" time="0.262" classname="org.comunity.Ppedit"/>
  <testcase name="user_have_to_click_edit_profile" time="2.934" classname="org.comunity.Ppedit"/>
  <testcase name="user_have_to_click_edit_profile_created_by" time="3.338" classname="org.comunity.Ppedit"/>
  <testcase name="user_have_to_click_edit_profile_name" time="0.820" classname="org.comunity.Ppedit"/>
  <testcase name="user_have_to_click_edit_profile_date_of_birth" time="4.908" classname="org.comunity.Ppedit"/>
  <testcase name="user_have_to_click_edit_profile_marital_status" time="0.633" classname="org.comunity.Ppedit"/>
  <testcase name="user_have_to_click_edit_profile_marital_status_edit" time="0.645" classname="org.comunity.Ppedit"/>
  <testcase name="user_have_to_click_edit_profile_height" time="2.099" classname="org.comunity.Ppedit"/>
  <testcase name="user_have_to_click_edit_profile_weight" time="2.774" classname="org.comunity.Ppedit"/>
  <testcase name="user_have_to_click_edit_profile_physical_status" time="0.801" classname="org.comunity.Ppedit"/>
  <testcase name="user_have_to_click_edit_profile_subcaste" time="1.438" classname="org.comunity.Ppedit"/>
  <testcase name="user_have_to_click_edit_profile_mother_tongue" time="3.013" classname="org.comunity.Ppedit"/>
  <testcase name="user_have_to_click_edit_profile_languages_known" time="0.000" classname="org.comunity.Ppedit"/>
  <testcase name="user_have_to_click_edit_profile_gothra" time="0.727" classname="org.comunity.Ppedit"/>
  <testcase name="user_have_to_click_edit_profile_star" time="2.327" classname="org.comunity.Ppedit"/>
  <testcase name="user_have_to_click_edit_profile_rasi" time="2.065" classname="org.comunity.Ppedit"/>
  <testcase name="user_have_to_click_edit_profile_chevvai_dosham" time="0.540" classname="org.comunity.Ppedit"/>
  <testcase name="user_have_to_click_edit_profile_chevvai_dosham_edit" time="0.584" classname="org.comunity.Ppedit"/>
  <testcase name="user_have_to_click_edit_profile_eating_habits" time="0.594" classname="org.comunity.Ppedit"/>
  <testcase name="user_have_to_click_edit_profile_eating_habits_edit" time="0.682" classname="org.comunity.Ppedit"/>
  <testcase name="user_have_to_click_edit_profile_smoiking_habits" time="0.561" classname="org.comunity.Ppedit"/>
  <testcase name="user_have_to_click_edit_profile_smoiking_habits_edit" time="0.570" classname="org.comunity.Ppedit"/>
  <testcase name="user_have_to_click_edit_profile_drinking_habits" time="0.563" classname="org.comunity.Ppedit"/>
  <testcase name="user_have_to_click_edit_profile_drinking_habits_edit" time="0.517" classname="org.comunity.Ppedit"/>
  <testcase name="user_have_to_click_edit_profile_about" time="1.000" classname="org.comunity.Ppedit"/>
  <testcase name="user_have_to_click_edit_profile_save" time="0.000" classname="org.comunity.Ppedit"/>
  <testcase name="user_have_to_click_edit_profile_education_and_occupation" time="0.338" classname="org.comunity.Ppedit"/>
  <testcase name="user_have_to_click_edit_profile_Highest_Education" time="4.371" classname="org.comunity.Ppedit"/>
  <testcase name="user_have_to_click_edit_profile_College_or_Institution" time="0.659" classname="org.comunity.Ppedit"/>
  <testcase name="user_have_to_click_edit_profile_Education_in_Detail" time="0.558" classname="org.comunity.Ppedit"/>
  <testcase name="user_have_to_click_edit_profile_Employed_In" time="0.720" classname="org.comunity.Ppedit"/>
  <testcase name="user_have_to_click_edit_profile_Employed_In_edit" time="0.731" classname="org.comunity.Ppedit"/>
  <testcase name="user_have_to_click_edit_profile_Occupation" time="1.646" classname="org.comunity.Ppedit"/>
  <testcase name="user_have_to_click_edit_profile_Occupation_in_Detail" time="0.713" classname="org.comunity.Ppedit"/>
  <testcase name="user_have_to_click_edit_profile_Annual_Income" time="2.231" classname="org.comunity.Ppedit"/>
  <testcase name="user_have_to_click_edit_profile_click_family_details" time="0.369" classname="org.comunity.Ppedit"/>
  <testcase name="user_have_to_click_edit_profile_Parent_s_Contact_No" time="0.976" classname="org.comunity.Ppedit"/>
  <testcase name="user_have_to_click_edit_profile_Family_Value" time="0.710" classname="org.comunity.Ppedit"/>
  <testcase name="user_have_to_click_edit_profile_Family_Value_after" time="0.568" classname="org.comunity.Ppedit"/>
  <testcase name="user_have_to_click_edit_profile_Family_Type" time="0.593" classname="org.comunity.Ppedit"/>
  <testcase name="user_have_to_click_edit_profile_Family_Type_after" time="0.449" classname="org.comunity.Ppedit"/>
  <testcase name="user_have_to_click_edit_profile_Family_Status" time="0.560" classname="org.comunity.Ppedit"/>
  <testcase name="user_have_to_click_edit_profile_Family_Status_after" time="0.605" classname="org.comunity.Ppedit"/>
  <testcase name="user_have_to_click_edit_profile_Native_Place" time="0.702" classname="org.comunity.Ppedit"/>
  <testcase name="user_have_to_click_edit_profile_Father_s_Occupation" time="0.602" classname="org.comunity.Ppedit"/>
  <testcase name="user_have_to_click_edit_profile_Mother_s_Occupation" time="0.697" classname="org.comunity.Ppedit"/>
  <testcase name="user_have_to_click_edit_profile_No_of_Brothers" time="1.355" classname="org.comunity.Ppedit"/>
  <testcase name="user_have_to_click_edit_profile_Brothers_Married" time="1.339" classname="org.comunity.Ppedit"/>
  <testcase name="user_have_to_click_edit_profile_No_of_Sisters" time="1.456" classname="org.comunity.Ppedit"/>
  <testcase name="user_have_to_click_edit_profile_Sisters_Married" time="1.287" classname="org.comunity.Ppedit"/>
  <testcase name="user_have_to_click_edit_profile_About_My_Family" time="0.795" classname="org.comunity.Ppedit"/>
  <testcase name="user_have_to_click_edit_profile_Click_hobbies_and_interest" time="0.374" classname="org.comunity.Ppedit"/>
  <testcase name="user_have_to_click_edit_profile_What_are_your_Hobbies_and_Interest" time="4.516" classname="org.comunity.Ppedit"/>
  <testcase name="user_have_to_click_edit_profile_What_are_your_Hobbies_and_Interest_after" time="4.478" classname="org.comunity.Ppedit"/>
  <testcase name="user_have_to_click_edit_profile_Others" time="0.749" classname="org.comunity.Ppedit"/>
  <testcase name="user_have_to_click_edit_profile_Your_favourite_music" time="0.934" classname="org.comunity.Ppedit"/>
  <testcase name="user_have_to_click_edit_profile_Your_favourite_music_after" time="1.196" classname="org.comunity.Ppedit"/>
  <testcase name="user_have_to_click_edit_profile_Others_music" time="0.702" classname="org.comunity.Ppedit"/>
  <testcase name="user_have_to_click_edit_profile_Sports_you_like" time="2.195" classname="org.comunity.Ppedit"/>
  <testcase name="user_have_to_click_edit_profile_Sports_you_like_after" time="2.240" classname="org.comunity.Ppedit"/>
  <testcase name="user_have_to_click_edit_profile_Others_sports" time="0.599" classname="org.comunity.Ppedit"/>
  <testcase name="user_have_to_click_edit_profile_Your_favourite_food" time="4.263" classname="org.comunity.Ppedit"/>
  <testcase name="user_have_to_click_edit_profile_Your_favourite_food_others" time="3.318" classname="org.comunity.Ppedit"/>
  <testcase name="user_have_to_click_edit_profile_Others_favourite_food" time="0.705" classname="org.comunity.Ppedit"/>
  <testcase name="user_have_to_click_edit_profile_save1" time="0.001" classname="org.comunity.Ppedit"/>
  <testcase name="user_have_to_click_edit_profile_edit_partner_preference" time="22.324" classname="org.comunity.Ppedit"/>
  <testcase name="user_have_to_click_edit_profile_partner_preference_marital_status" time="0.456" classname="org.comunity.Ppedit"/>
  <testcase name="user_have_to_click_edit_profile_partner_preference_age" time="0.931" classname="org.comunity.Ppedit"/>
  <testcase name="user_have_to_click_edit_profile_partner_preference_height" time="1.087" classname="org.comunity.Ppedit"/>
  <testcase name="user_have_to_click_edit_profile_partner_preference_physical_status" time="0.657" classname="org.comunity.Ppedit"/>
  <testcase name="user_have_to_click_edit_profile_partner_preference_mother_tongue" time="0.739" classname="org.comunity.Ppedit"/>
  <testcase name="user_have_to_click_edit_profile_partner_preference_star" time="0.702" classname="org.comunity.Ppedit"/>
  <testcase name="user_have_to_click_edit_profile_partner_preference_subcaste" time="0.721" classname="org.comunity.Ppedit"/>
  <testcase name="user_have_to_click_edit_profile_partner_preference_chevvai_dosham" time="0.449" classname="org.comunity.Ppedit"/>
  <testcase name="user_have_to_click_edit_profile_partner_preference_educationm" time="5.666" classname="org.comunity.Ppedit"/>
  <testcase name="user_have_to_click_edit_profile_partner_preference_employedIn" time="0.661" classname="org.comunity.Ppedit"/>
  <testcase name="user_have_to_click_edit_profile_partner_preference_occupation" time="0.760" classname="org.comunity.Ppedit"/>
  <testcase name="user_have_to_click_edit_profile_partner_preference_citzenship" time="5.637" classname="org.comunity.Ppedit"/>
  <testcase name="user_have_to_click_edit_profile_partner_preference_country_living" time="0.712" classname="org.comunity.Ppedit"/>
  <testcase name="user_have_to_click_edit_profile_partner_preference_residing_state_in_india" time="0.713" classname="org.comunity.Ppedit"/>
  <testcase name="user_have_to_click_edit_profile_partner_preference_residing_district" time="0.744" classname="org.comunity.Ppedit"/>
  <testcase name="user_have_to_click_edit_profilepartner_preference_food_habits" time="0.653" classname="org.comunity.Ppedit"/>
  <testcase name="user_have_to_click_edit_profile_partner_preference_smoking_habits" time="0.500" classname="org.comunity.Ppedit"/>
  <testcase name="user_have_to_click_edit_profile_partner_preference_drinking_habits" time="0.551" classname="org.comunity.Ppedit"/>
  <testcase name="user_have_to_click_edit_profile_partner_preference_annual_income" time="0.716" classname="org.comunity.Ppedit">
    <error type="org.openqa.selenium.ElementNotInteractableException" message="element not interactable: Element is not currently visible and may not be manipulated
  (Session info: chrome=91.0.4472.124)
Build info: version: &#039;3.141.59&#039;, revision: &#039;e82be7d358&#039;, time: &#039;2018-11-14T08:17:03&#039;
System info: host: &#039;10503-L-79440&#039;, ip: &#039;192.168.42.21&#039;, os.name: &#039;Windows 10&#039;, os.arch: &#039;amd64&#039;, os.version: &#039;10.0&#039;, java.version: &#039;1.8.0_291&#039;
Driver info: org.openqa.selenium.chrome.ChromeDriver
Capabilities {acceptInsecureCerts: false, browserName: chrome, browserVersion: 91.0.4472.124, chrome: {chromedriverVersion: 91.0.4472.101 (af52a90bf870..., userDataDir: C:\Users\ARAVIN~1\AppData\L...}, goog:chromeOptions: {debuggerAddress: localhost:59305}, javascriptEnabled: true, networkConnectionEnabled: false, pageLoadStrategy: normal, platform: WINDOWS, platformName: WINDOWS, proxy: Proxy(), setWindowRect: true, strictFileInteractability: false, timeouts: {implicit: 0, pageLoad: 300000, script: 30000}, unhandledPromptBehavior: dismiss and notify, webauthn:extension:largeBlob: true, webauthn:virtualAuthenticators: true}
Session ID: 69b47491b7a6d9d899a2310fe06ab488">
      <![CDATA[org.openqa.selenium.ElementNotInteractableException: element not interactable: Element is not currently visible and may not be manipulated
  (Session info: chrome=91.0.4472.124)
Build info: version: '3.141.59', revision: 'e82be7d358', time: '2018-11-14T08:17:03'
System info: host: '10503-L-79440', ip: '192.168.42.21', os.name: 'Windows 10', os.arch: 'amd64', os.version: '10.0', java.version: '1.8.0_291'
Driver info: org.openqa.selenium.chrome.ChromeDriver
Capabilities {acceptInsecureCerts: false, browserName: chrome, browserVersion: 91.0.4472.124, chrome: {chromedriverVersion: 91.0.4472.101 (af52a90bf870..., userDataDir: C:\Users\ARAVIN~1\AppData\L...}, goog:chromeOptions: {debuggerAddress: localhost:59305}, javascriptEnabled: true, networkConnectionEnabled: false, pageLoadStrategy: normal, platform: WINDOWS, platformName: WINDOWS, proxy: Proxy(), setWindowRect: true, strictFileInteractability: false, timeouts: {implicit: 0, pageLoad: 300000, script: 30000}, unhandledPromptBehavior: dismiss and notify, webauthn:extension:largeBlob: true, webauthn:virtualAuthenticators: true}
Session ID: 69b47491b7a6d9d899a2310fe06ab488
	at sun.reflect.NativeConstructorAccessorImpl.newInstance0(Native Method)
	at sun.reflect.NativeConstructorAccessorImpl.newInstance(Unknown Source)
	at sun.reflect.DelegatingConstructorAccessorImpl.newInstance(Unknown Source)
	at java.lang.reflect.Constructor.newInstance(Unknown Source)
	at org.openqa.selenium.remote.http.W3CHttpResponseCodec.createException(W3CHttpResponseCodec.java:187)
	at org.openqa.selenium.remote.http.W3CHttpResponseCodec.decode(W3CHttpResponseCodec.java:122)
	at org.openqa.selenium.remote.http.W3CHttpResponseCodec.decode(W3CHttpResponseCodec.java:49)
	at org.openqa.selenium.remote.HttpCommandExecutor.execute(HttpCommandExecutor.java:158)
	at org.openqa.selenium.remote.service.DriverCommandExecutor.execute(DriverCommandExecutor.java:83)
	at org.openqa.selenium.remote.RemoteWebDriver.execute(RemoteWebDriver.java:552)
	at org.openqa.selenium.remote.RemoteWebElement.execute(RemoteWebElement.java:285)
	at org.openqa.selenium.remote.RemoteWebElement.click(RemoteWebElement.java:84)
	at org.openqa.selenium.support.ui.Select.setSelected(Select.java:311)
	at org.openqa.selenium.support.ui.Select.setSelectedByIndex(Select.java:293)
	at org.openqa.selenium.support.ui.Select.selectByIndex(Select.java:172)
	at org.comunity.Baseclassm.selectIndex(Baseclassm.java:220)
	at org.comunity.Ppedit.user_have_to_click_edit_profile_partner_preference_annual_income(Ppedit.java:3250)
	at sun.reflect.NativeMethodAccessorImpl.invoke0(Native Method)
	at sun.reflect.NativeMethodAccessorImpl.invoke(Unknown Source)
	at sun.reflect.DelegatingMethodAccessorImpl.invoke(Unknown Source)
	at java.lang.reflect.Method.invoke(Unknown Source)
	at org.testng.internal.MethodInvocationHelper.invokeMethod(MethodInvocationHelper.java:108)
	at org.testng.internal.Invoker.invokeMethod(Invoker.java:661)
	at org.testng.internal.Invoker.invokeTestMethod(Invoker.java:869)
	at org.testng.internal.Invoker.invokeTestMethods(Invoker.java:1193)
	at org.testng.internal.TestMethodWorker.invokeTestMethods(TestMethodWorker.java:126)
	at org.testng.internal.TestMethodWorker.run(TestMethodWorker.java:109)
	at org.testng.TestRunner.privateRun(TestRunner.java:744)
	at org.testng.TestRunner.run(TestRunner.java:602)
	at org.testng.SuiteRunner.runTest(SuiteRunner.java:380)
	at org.testng.SuiteRunner.runSequentially(SuiteRunner.java:375)
	at org.testng.SuiteRunner.privateRun(SuiteRunner.java:340)
	at org.testng.SuiteRunner.run(SuiteRunner.java:289)
	at org.testng.SuiteRunnerWorker.runSuite(SuiteRunnerWorker.java:52)
	at org.testng.SuiteRunnerWorker.run(SuiteRunnerWorker.java:86)
	at org.testng.TestNG.runSuitesSequentially(TestNG.java:1301)
	at org.testng.TestNG.runSuitesLocally(TestNG.java:1226)
	at org.testng.TestNG.runSuites(TestNG.java:1144)
	at org.testng.TestNG.run(TestNG.java:1115)
	at org.testng.remote.AbstractRemoteTestNG.run(AbstractRemoteTestNG.java:132)
	at org.testng.remote.RemoteTestNG.initAndRun(RemoteTestNG.java:230)
	at org.testng.remote.RemoteTestNG.main(RemoteTestNG.java:76)
]]>
    </error>
  </testcase> <!-- user_have_to_click_edit_profile_partner_preference_annual_income -->
  <testcase name="user_have_to_click_edit_profile_partner_preference_about_my_partner" time="0.410" classname="org.comunity.Ppedit"/>
  <testcase name="user_have_to_click_edit_profile_partner_preference_save" time="18.306" classname="org.comunity.Ppedit"/>
  <testcase name="user_invalid_details" time="0.000" classname="org.comunity.Ppedit"/>
</testsuite> <!-- org.comunity.Ppedit -->
